2019-05-13 14:38:09,512 [Client thread] INFO GottschCore | VersionChecker.java:110 | [gottschcore] Starting version check at https://raw.githubusercontent.com/gottsch/gottsch-minecraft-GottschCore/master/GottschCore1.12.2/update.json
2019-05-13 14:38:09,580 [Client thread] INFO GottschCore | VersionChecker.java:110 | [dungeons2] Starting version check at https://raw.githubusercontent.com/gottsch/gottsch-minecraft-Dungeons2/master/Dungeons2-1.12.2/update.json
2019-05-13 14:38:10,054 [Client thread] INFO GottschCore | VersionChecker.java:110 | [treasure2] Starting version check at https://raw.githubusercontent.com/gottsch/gottsch-minecraft-Treasure/master/Treasure2-1.12.2/update.json
2019-05-14 15:31:13,877 [Client thread] INFO GottschCore | VersionChecker.java:110 | [gottschcore] Starting version check at https://raw.githubusercontent.com/gottsch/gottsch-minecraft-GottschCore/master/GottschCore1.12.2/update.json
2019-05-14 15:31:13,935 [Client thread] INFO GottschCore | VersionChecker.java:110 | [dungeons2] Starting version check at https://raw.githubusercontent.com/gottsch/gottsch-minecraft-Dungeons2/master/Dungeons2-1.12.2/update.json
2019-05-14 15:31:14,474 [Client thread] INFO GottschCore | VersionChecker.java:110 | [treasure2] Starting version check at https://raw.githubusercontent.com/gottsch/gottsch-minecraft-Treasure/master/Treasure2-1.12.2/update.json
2019-05-14 16:00:32,508 [Client thread] INFO GottschCore | VersionChecker.java:110 | [gottschcore] Starting version check at https://raw.githubusercontent.com/gottsch/gottsch-minecraft-GottschCore/master/GottschCore1.12.2/update.json
2019-05-14 16:00:32,575 [Client thread] INFO GottschCore | VersionChecker.java:110 | [dungeons2] Starting version check at https://raw.githubusercontent.com/gottsch/gottsch-minecraft-Dungeons2/master/Dungeons2-1.12.2/update.json
2019-05-14 16:00:33,095 [Client thread] INFO GottschCore | VersionChecker.java:110 | [treasure2] Starting version check at https://raw.githubusercontent.com/gottsch/gottsch-minecraft-Treasure/master/Treasure2-1.12.2/update.json
2019-05-14 17:12:49,717 [Client thread] INFO GottschCore | VersionChecker.java:110 | [gottschcore] Starting version check at https://raw.githubusercontent.com/gottsch/gottsch-minecraft-GottschCore/master/GottschCore1.12.2/update.json
2019-05-14 17:12:49,780 [Client thread] INFO GottschCore | VersionChecker.java:110 | [dungeons2] Starting version check at https://raw.githubusercontent.com/gottsch/gottsch-minecraft-Dungeons2/master/Dungeons2-1.12.2/update.json
2019-05-14 17:12:50,289 [Client thread] INFO GottschCore | VersionChecker.java:110 | [treasure2] Starting version check at https://raw.githubusercontent.com/gottsch/gottsch-minecraft-Treasure/master/Treasure2-1.12.2/update.json
2019-05-14 19:44:49,644 [Client thread] INFO GottschCore | VersionChecker.java:110 | [gottschcore] Starting version check at https://raw.githubusercontent.com/gottsch/gottsch-minecraft-GottschCore/master/GottschCore1.12.2/update.json
2019-05-14 19:44:49,709 [Client thread] INFO GottschCore | VersionChecker.java:110 | [dungeons2] Starting version check at https://raw.githubusercontent.com/gottsch/gottsch-minecraft-Dungeons2/master/Dungeons2-1.12.2/update.json
2019-05-14 19:44:50,351 [Client thread] INFO GottschCore | VersionChecker.java:110 | [treasure2] Starting version check at https://raw.githubusercontent.com/gottsch/gottsch-minecraft-Treasure/master/Treasure2-1.12.2/update.json
2019-05-15 14:53:01,907 [Client thread] INFO GottschCore | VersionChecker.java:110 | [gottschcore] Starting version check at https://raw.githubusercontent.com/gottsch/gottsch-minecraft-GottschCore/master/GottschCore1.12.2/update.json
2019-05-15 14:53:02,000 [Client thread] INFO GottschCore | VersionChecker.java:110 | [dungeons2] Starting version check at https://raw.githubusercontent.com/gottsch/gottsch-minecraft-Dungeons2/master/Dungeons2-1.12.2/update.json
2019-05-15 14:53:02,536 [Client thread] INFO GottschCore | VersionChecker.java:110 | [treasure2] Starting version check at https://raw.githubusercontent.com/gottsch/gottsch-minecraft-Treasure/master/Treasure2-1.12.2/update.json
2019-05-15 14:58:26,964 [Client thread] INFO GottschCore | VersionChecker.java:110 | [gottschcore] Starting version check at https://raw.githubusercontent.com/gottsch/gottsch-minecraft-GottschCore/master/GottschCore1.12.2/update.json
2019-05-15 14:58:27,024 [Client thread] INFO GottschCore | VersionChecker.java:110 | [dungeons2] Starting version check at https://raw.githubusercontent.com/gottsch/gottsch-minecraft-Dungeons2/master/Dungeons2-1.12.2/update.json
2019-05-15 14:58:27,507 [Client thread] INFO GottschCore | VersionChecker.java:110 | [treasure2] Starting version check at https://raw.githubusercontent.com/gottsch/gottsch-minecraft-Treasure/master/Treasure2-1.12.2/update.json
2019-05-16 13:51:01,248 [Client thread] INFO GottschCore | VersionChecker.java:110 | [gottschcore] Starting version check at https://raw.githubusercontent.com/gottsch/gottsch-minecraft-GottschCore/master/GottschCore1.12.2/update.json
2019-05-16 13:51:01,330 [Client thread] INFO GottschCore | VersionChecker.java:110 | [dungeons2] Starting version check at https://raw.githubusercontent.com/gottsch/gottsch-minecraft-Dungeons2/master/Dungeons2-1.12.2/update.json
2019-05-16 13:51:01,849 [Client thread] INFO GottschCore | VersionChecker.java:110 | [treasure2] Starting version check at https://raw.githubusercontent.com/gottsch/gottsch-minecraft-Treasure/master/Treasure2-1.12.2/update.json
2019-05-21 15:38:41,513 [Client thread] INFO GottschCore | VersionChecker.java:110 | [gottschcore] Starting version check at https://raw.githubusercontent.com/gottsch/gottsch-minecraft-GottschCore/master/GottschCore1.12.2/update.json
2019-05-21 15:38:41,701 [Client thread] INFO GottschCore | VersionChecker.java:110 | [dungeons2] Starting version check at https://raw.githubusercontent.com/gottsch/gottsch-minecraft-Dungeons2/master/Dungeons2-1.12.2/update.json
2019-05-21 15:38:42,242 [Client thread] INFO GottschCore | VersionChecker.java:110 | [treasure2] Starting version check at https://raw.githubusercontent.com/gottsch/gottsch-minecraft-Treasure/master/Treasure2-1.12.2/update.json
2019-05-21 15:39:31,486 [Server thread] WARN Dungeons2 | DungeonBuilderTopDown.java:115 | Unable to locate closest player - using World spawn point
2019-05-21 15:39:31,871 [Server thread] WARN Dungeons2 | DungeonBuilderTopDown.java:388 | Unable to generate Level: 1
2019-05-21 15:46:32,110 [Server thread] WARN Dungeons2 | LevelBuilder.java:1846 | Wayline's points are equal !!: Wayline [point1=Waypoint [id=4, coords=Coords [x=10, y=0, z=358], terminated=false], point2=Waypoint [id=11, coords=Coords [x=10, y=0, z=358], terminated=true], alignment=HORIZONTAL]
2019-05-21 15:46:32,253 [Server thread] WARN Dungeons2 | DungeonBuilderTopDown.java:383 | Levels don't require joining 3 to 2
2019-05-21 15:46:32,805 [Server thread] WARN Dungeons2 | RotatorRegistry.java:68 | The class has already been registered.
2019-05-21 15:46:33,963 [Server thread] INFO Dungeons2 | DungeonsWorldGen.java:358 | Dungeon generated @ -13 79 352
2019-06-09 11:10:28,089 [Client thread] INFO GottschCore | VersionChecker.java:110 | [gottschcore] Starting version check at https://raw.githubusercontent.com/gottsch/gottsch-minecraft-GottschCore/master/GottschCore1.12.2/update.json
2019-06-09 11:10:28,202 [Client thread] INFO GottschCore | VersionChecker.java:110 | [dungeons2] Starting version check at https://raw.githubusercontent.com/gottsch/gottsch-minecraft-Dungeons2/master/Dungeons2-1.12.2/update.json
2019-06-09 11:10:28,802 [Client thread] INFO GottschCore | VersionChecker.java:110 | [treasure2] Starting version check at https://raw.githubusercontent.com/gottsch/gottsch-minecraft-Treasure/master/Treasure2-1.12.2/update.json
2019-06-09 11:11:37,905 [Server thread] WARN Dungeons2 | DungeonBuilderTopDown.java:115 | Unable to locate closest player - using World spawn point
2019-06-09 11:11:38,097 [Server thread] WARN Dungeons2 | DungeonBuilderTopDown.java:388 | Unable to generate Level: 0
2019-06-09 11:16:12,997 [Client thread] INFO GottschCore | VersionChecker.java:110 | [gottschcore] Starting version check at https://raw.githubusercontent.com/gottsch/gottsch-minecraft-GottschCore/master/GottschCore1.12.2/update.json
2019-06-09 11:16:13,070 [Client thread] INFO GottschCore | VersionChecker.java:110 | [dungeons2] Starting version check at https://raw.githubusercontent.com/gottsch/gottsch-minecraft-Dungeons2/master/Dungeons2-1.12.2/update.json
2019-06-09 11:16:13,661 [Client thread] INFO GottschCore | VersionChecker.java:110 | [treasure2] Starting version check at https://raw.githubusercontent.com/gottsch/gottsch-minecraft-Treasure/master/Treasure2-1.12.2/update.json
2019-06-09 11:17:36,361 [Server thread] WARN Dungeons2 | DungeonBuilderTopDown.java:115 | Unable to locate closest player - using World spawn point
2019-06-09 11:17:37,297 [Server thread] WARN Dungeons2 | DungeonBuilderTopDown.java:383 | Levels don't require joining 3 to 2
2019-06-09 11:17:37,493 [Server thread] WARN Dungeons2 | RotatorRegistry.java:68 | The class has already been registered.
2019-06-09 11:17:38,011 [Server thread] INFO Dungeons2 | DungeonsWorldGen.java:358 | Dungeon generated @ 129 64 245
2019-06-09 15:42:40,917 [Client thread] INFO GottschCore | VersionChecker.java:110 | [gottschcore] Starting version check at https://raw.githubusercontent.com/gottsch/gottsch-minecraft-GottschCore/master/GottschCore1.12.2/update.json
2019-06-09 15:42:40,986 [Client thread] INFO GottschCore | VersionChecker.java:110 | [dungeons2] Starting version check at https://raw.githubusercontent.com/gottsch/gottsch-minecraft-Dungeons2/master/Dungeons2-1.12.2/update.json
2019-06-09 15:42:41,488 [Client thread] INFO GottschCore | VersionChecker.java:110 | [treasure2] Starting version check at https://raw.githubusercontent.com/gottsch/gottsch-minecraft-Treasure/master/Treasure2-1.12.2/update.json
